Tue Nov 03 10:26:12 EET 2020 : Apache Derby Network Server - 10.14.2.0 - (1828579) started and ready to accept connections on port 1527
----------------------------------------------------------------
Tue Nov 03 10:26:13 EET 2020:
Booting Derby version The Apache Software Foundation - Apache Derby - 10.14.2.0 - (1828579): instance a816c00e-0175-8d36-9e74-000014116e44 
on database directory D:\sab\inginerie software\projects\ParkingLot\ParkingLot with class loader sun.misc.Launcher$AppClassLoader@1d44bcfa 
Loaded from file:/C:/Users/neago/GlassFish_Server/javadb/lib/derby.jar
java.vendor=Oracle Corporation
java.runtime.version=1.8.0_261-b12
user.dir=C:\Users\neago\GlassFish_Server\javadb
os.name=Windows 10
os.arch=amd64
os.version=10.0
derby.system.home=D:\sab\inginerie software\projects\ParkingLot
Database Class Loader started - derby.database.classpath=''
----------------------------------------------------------------
Tue Nov 03 10:26:14 EET 2020:
Shutting down instance a816c00e-0175-8d36-9e74-000014116e44 on database directory D:\sab\inginerie software\projects\ParkingLot\ParkingLot with class loader sun.misc.Launcher$AppClassLoader@1d44bcfa 
Tue Nov 03 10:26:14 EET 2020 Thread[DRDAConnThread_3,5,main] (DATABASE = ParkingLot), (DRDAID = {2}), Database 'ParkingLot' shutdown.
----------------------------------------------------------------
Tue Nov 03 10:43:08 EET 2020: Shutting down Derby engine
----------------------------------------------------------------
